<?xml version="1.0" encoding="UTF-8"?>
<testsuite name="com.example.navscrreens.ExampleUnitTest" tests="1" skipped="0" failures="0" errors="0" timestamp="2023-04-12T15:25:44" hostname="SHAVANA" time="0.007">
  <properties/>
  <testcase name="addition_isCorrect" classname="com.example.navscrreens.ExampleUnitTest" time="0.007"/>
  <system-out><![CDATA[]]></system-out>
  <system-err><![CDATA[]]></system-err>
</testsuite>
